# JRE version: Java(TM) SE Runtime Environment (8.0_31-b13) (build 1.8.0_31-b13)
# Java VM: Java HotSpot(TM) 64-Bit Server VM (25.31-b07 mixed mode windows-amd64 compressed oops)
Heap:
 PSYoungGen      total 25600K, used 9097K [0x00000000d5a00000, 0x00000000d7480000, 0x0000000100000000)
  eden space 24064K, 37% used [0x00000000d5a00000,0x00000000d62b2760,0x00000000d7180000)
  from space 1536K, 12% used [0x00000000d7300000,0x00000000d7330000,0x00000000d7480000)
  to   space 1536K, 0% used [0x00000000d7180000,0x00000000d7180000,0x00000000d7300000)
 ParOldGen       total 87552K, used 9975K [0x0000000080e00000, 0x0000000086380000, 0x00000000d5a00000)
  object space 87552K, 11% used [0x0000000080e00000,0x00000000817bdea0,0x0000000086380000)
 Metaspace       used 5078K, capacity 5928K, committed 6016K, reserved 1056768K
  class space    used 567K, capacity 596K, committed 640K, reserved 1048576K
GC Heap History (10 events):
Event: 64.582 GC heap before
{Heap before GC invocations=36 (full 0):
 PSYoungGen      total 24576K, used 24224K [0x00000000d5a00000, 0x00000000d7580000, 0x0000000100000000)
  eden space 24064K, 100% used [0x00000000d5a00000,0x00000000d7180000,0x00000000d7180000)
  from space 512K, 31% used [0x00000000d7180000,0x00000000d71a8000,0x00000000d7200000)
  to   space 2048K, 0% used [0x00000000d7380000,0x00000000d7380000,0x00000000d7580000)
 ParOldGen       total 87552K, used 9503K [0x0000000080e00000, 0x0000000086380000, 0x00000000d5a00000)
  object space 87552K, 10% used [0x0000000080e00000,0x0000000081747ea0,0x0000000086380000)
 Metaspace       used 5040K, capacity 5928K, committed 6016K, reserved 1056768K
  class space    used 566K, capacity 596K, committed 640K, reserved 1048576K
Event: 64.589 GC heap after
Heap after GC invocations=36 (full 0):
 PSYoungGen      total 26112K, used 128K [0x00000000d5a00000, 0x00000000d7580000, 0x0000000100000000)
  eden space 24064K, 0% used [0x00000000d5a00000,0x00000000d5a00000,0x00000000d7180000)
  from space 2048K, 6% used [0x00000000d7380000,0x00000000d73a0000,0x00000000d7580000)
  to   space 2048K, 0% used [0x00000000d7180000,0x00000000d7180000,0x00000000d7380000)
 ParOldGen       total 87552K, used 9591K [0x0000000080e00000, 0x0000000086380000, 0x00000000d5a00000)
  object space 87552K, 10% used [0x0000000080e00000,0x000000008175dea0,0x0000000086380000)
 Metaspace       used 5040K, capacity 5928K, committed 6016K, reserved 1056768K
  class space    used 566K, capacity 596K, committed 640K, reserved 1048576K
}
Event: 65.790 GC heap before
{Heap before GC invocations=37 (full 0):
 PSYoungGen      total 26112K, used 24192K [0x00000000d5a00000, 0x00000000d7580000, 0x0000000100000000)
  eden space 24064K, 100% used [0x00000000d5a00000,0x00000000d7180000,0x00000000d7180000)
  from space 2048K, 6% used [0x00000000d7380000,0x00000000d73a0000,0x00000000d7580000)
  to   space 2048K, 0% used [0x00000000d7180000,0x00000000d7180000,0x00000000d7380000)
 ParOldGen       total 87552K, used 9591K [0x0000000080e00000, 0x0000000086380000, 0x00000000d5a00000)
  object space 87552K, 10% used [0x0000000080e00000,0x000000008175dea0,0x0000000086380000)
 Metaspace       used 5040K, capacity 5928K, committed 6016K, reserved 1056768K
  class space    used 566K, capacity 596K, committed 640K, reserved 1048576K
Event: 65.795 GC heap after
Heap after GC invocations=37 (full 0):
 PSYoungGen      total 26112K, used 128K [0x00000000d5a00000, 0x00000000d7580000, 0x0000000100000000)
  eden space 24064K, 0% used [0x00000000d5a00000,0x00000000d5a00000,0x00000000d7180000)
  from space 2048K, 6% used [0x00000000d7180000,0x00000000d71a0000,0x00000000d7380000)
  to   space 2048K, 0% used [0x00000000d7380000,0x00000000d7380000,0x00000000d7580000)
 ParOldGen       total 87552K, used 9687K [0x0000000080e00000, 0x0000000086380000, 0x00000000d5a00000)
  object space 87552K, 11% used [0x0000000080e00000,0x0000000081775ea0,0x0000000086380000)
 Metaspace       used 5040K, capacity 5928K, committed 6016K, reserved 1056768K
  class space    used 566K, capacity 596K, committed 640K, reserved 1048576K
}
Event: 67.112 GC heap before
{Heap before GC invocations=38 (full 0):
 PSYoungGen      total 26112K, used 24192K [0x00000000d5a00000, 0x00000000d7580000, 0x0000000100000000)
  eden space 24064K, 100% used [0x00000000d5a00000,0x00000000d7180000,0x00000000d7180000)
  from space 2048K, 6% used [0x00000000d7180000,0x00000000d71a0000,0x00000000d7380000)
  to   space 2048K, 0% used [0x00000000d7380000,0x00000000d7380000,0x00000000d7580000)
 ParOldGen       total 87552K, used 9687K [0x0000000080e00000, 0x0000000086380000, 0x00000000d5a00000)
  object space 87552K, 11% used [0x0000000080e00000,0x0000000081775ea0,0x0000000086380000)
 Metaspace       used 5040K, capacity 5928K, committed 6016K, reserved 1056768K
  class space    used 566K, capacity 596K, committed 640K, reserved 1048576K
Event: 67.114 GC heap after
Heap after GC invocations=38 (full 0):
 PSYoungGen      total 26112K, used 160K [0x00000000d5a00000, 0x00000000d7580000, 0x0000000100000000)
  eden space 24064K, 0% used [0x00000000d5a00000,0x00000000d5a00000,0x00000000d7180000)
  from space 2048K, 7% used [0x00000000d7380000,0x00000000d73a8000,0x00000000d7580000)
  to   space 2048K, 0% used [0x00000000d7180000,0x00000000d7180000,0x00000000d7380000)
 ParOldGen       total 87552K, used 9791K [0x0000000080e00000, 0x0000000086380000, 0x00000000d5a00000)
  object space 87552K, 11% used [0x0000000080e00000,0x000000008178fea0,0x0000000086380000)
 Metaspace       used 5040K, capacity 5928K, committed 6016K, reserved 1056768K
  class space    used 566K, capacity 596K, committed 640K, reserved 1048576K
}
Event: 68.521 GC heap before
{Heap before GC invocations=39 (full 0):
 PSYoungGen      total 26112K, used 24224K [0x00000000d5a00000, 0x00000000d7580000, 0x0000000100000000)
  eden space 24064K, 100% used [0x00000000d5a00000,0x00000000d7180000,0x00000000d7180000)
  from space 2048K, 7% used [0x00000000d7380000,0x00000000d73a8000,0x00000000d7580000)
  to   space 2048K, 0% used [0x00000000d7180000,0x00000000d7180000,0x00000000d7380000)
 ParOldGen       total 87552K, used 9791K [0x0000000080e00000, 0x0000000086380000, 0x00000000d5a00000)
  object space 87552K, 11% used [0x0000000080e00000,0x000000008178fea0,0x0000000086380000)
 Metaspace       used 5040K, capacity 5928K, committed 6016K, reserved 1056768K
  class space    used 566K, capacity 596K, committed 640K, reserved 1048576K
Event: 68.524 GC heap after
Heap after GC invocations=39 (full 0):
 PSYoungGen      total 24576K, used 160K [0x00000000d5a00000, 0x00000000d7480000, 0x0000000100000000)
  eden space 24064K, 0% used [0x00000000d5a00000,0x00000000d5a00000,0x00000000d7180000)
  from space 512K, 31% used [0x00000000d7180000,0x00000000d71a8000,0x00000000d7200000)
  to   space 1536K, 0% used [0x00000000d7300000,0x00000000d7300000,0x00000000d7480000)
 ParOldGen       total 87552K, used 9887K [0x0000000080e00000, 0x0000000086380000, 0x00000000d5a00000)
  object space 87552K, 11% used [0x0000000080e00000,0x00000000817a7ea0,0x0000000086380000)
 Metaspace       used 5040K, capacity 5928K, committed 6016K, reserved 1056768K
  class space    used 566K, capacity 596K, committed 640K, reserved 1048576K
}
Event: 75.930 GC heap before
{Heap before GC invocations=40 (full 0):
 PSYoungGen      total 24576K, used 24224K [0x00000000d5a00000, 0x00000000d7480000, 0x0000000100000000)
  eden space 24064K, 100% used [0x00000000d5a00000,0x00000000d7180000,0x00000000d7180000)
  from space 512K, 31% used [0x00000000d7180000,0x00000000d71a8000,0x00000000d7200000)
  to   space 1536K, 0% used [0x00000000d7300000,0x00000000d7300000,0x00000000d7480000)
 ParOldGen       total 87552K, used 9887K [0x0000000080e00000, 0x0000000086380000, 0x00000000d5a00000)
  object space 87552K, 11% used [0x0000000080e00000,0x00000000817a7ea0,0x0000000086380000)
 Metaspace       used 5055K, capacity 5928K, committed 6016K, reserved 1056768K
  class space    used 567K, capacity 596K, committed 640K, reserved 1048576K
Event: 75.937 GC heap after
Heap after GC invocations=40 (full 0):
 PSYoungGen      total 25600K, used 192K [0x00000000d5a00000, 0x00000000d7480000, 0x0000000100000000)
  eden space 24064K, 0% used [0x00000000d5a00000,0x00000000d5a00000,0x00000000d7180000)
  from space 1536K, 12% used [0x00000000d7300000,0x00000000d7330000,0x00000000d7480000)
  to   space 1536K, 0% used [0x00000000d7180000,0x00000000d7180000,0x00000000d7300000)
 ParOldGen       total 87552K, used 9975K [0x0000000080e00000, 0x0000000086380000, 0x00000000d5a00000)
  object space 87552K, 11% used [0x0000000080e00000,0x00000000817bdea0,0x0000000086380000)
 Metaspace       used 5055K, capacity 5928K, committed 6016K, reserved 1056768K
  class space    used 567K, capacity 596K, committed 640K, reserved 1048576K
}

